<?xml version="1.0" encoding="UTF-8"?>
<!-- Generated by org.testng.reporters.JUnitReportReporter -->
<testsuite hostname="LTIN509409" failures="0" tests="1" name="testCases.TC_03_TestingCarInsuranceErrorMsg" time="6.064" errors="0" timestamp="2024-10-25T15:07:44 IST" skipped="0">
  <testcase classname="testCases.TC_03_TestingCarInsuranceErrorMsg" name="checkErrMsg" time="6.064"/>
  <system-out/>
</testsuite> <!-- testCases.TC_03_TestingCarInsuranceErrorMsg -->
