<?xml version="1.0" encoding="UTF-8"?>
<!-- Generated by org.testng.reporters.JUnitReportReporter -->
<testsuite hostname="LTIN509409" failures="0" tests="1" name="testCases.TC_01_ListOfHealthInsurances" time="0.581" errors="0" timestamp="2024-10-25T15:04:14 IST" skipped="0">
  <testcase classname="testCases.TC_01_ListOfHealthInsurances" name="HealthInsListPrint" time="0.581"/>
</testsuite> <!-- testCases.TC_01_ListOfHealthInsurances -->
